<?xml version="1.0" encoding="UTF-8"?>
<testsuite name="mil.darpa.immortals.core.das.knowledgebuilders.schemadependency.SQLTransformerTest" tests="17" skipped="0" failures="0" errors="0" timestamp="2018-06-01T18:06:56" hostname="dhcp89-77-152.bbn.com" time="0.076">
  <properties/>
  <testcase name="test1" classname="mil.darpa.immortals.core.das.knowledgebuilders.schemadependency.SQLTransformerTest" time="0.019"/>
  <testcase name="test2" classname="mil.darpa.immortals.core.das.knowledgebuilders.schemadependency.SQLTransformerTest" time="0.004"/>
  <testcase name="test3" classname="mil.darpa.immortals.core.das.knowledgebuilders.schemadependency.SQLTransformerTest" time="0.003"/>
  <testcase name="test4" classname="mil.darpa.immortals.core.das.knowledgebuilders.schemadependency.SQLTransformerTest" time="0.002"/>
  <testcase name="test5" classname="mil.darpa.immortals.core.das.knowledgebuilders.schemadependency.SQLTransformerTest" time="0.003"/>
  <testcase name="test6" classname="mil.darpa.immortals.core.das.knowledgebuilders.schemadependency.SQLTransformerTest" time="0.004"/>
  <testcase name="testParamerizeSQLSimpleString" classname="mil.darpa.immortals.core.das.knowledgebuilders.schemadependency.SQLTransformerTest" time="0.002"/>
  <testcase name="testParamerizeSQLSimpleLong" classname="mil.darpa.immortals.core.das.knowledgebuilders.schemadependency.SQLTransformerTest" time="0.001"/>
  <testcase name="testParamerizeSQLMultipleLiterals" classname="mil.darpa.immortals.core.das.knowledgebuilders.schemadependency.SQLTransformerTest" time="0.001"/>
  <testcase name="testParamerizeSQLIgnoreLiteralsInProject" classname="mil.darpa.immortals.core.das.knowledgebuilders.schemadependency.SQLTransformerTest" time="0.001"/>
  <testcase name="testParamerizeSQLComplexExpression" classname="mil.darpa.immortals.core.das.knowledgebuilders.schemadependency.SQLTransformerTest" time="0.003"/>
  <testcase name="testParamerizeSQLComplexExpressionWithMask" classname="mil.darpa.immortals.core.das.knowledgebuilders.schemadependency.SQLTransformerTest" time="0.003"/>
  <testcase name="testParamerizeSQLComplexExpressionWithMaskAll" classname="mil.darpa.immortals.core.das.knowledgebuilders.schemadependency.SQLTransformerTest" time="0.003"/>
  <testcase name="testParamerizeSQLComplexExpressionWithMaskNone" classname="mil.darpa.immortals.core.das.knowledgebuilders.schemadependency.SQLTransformerTest" time="0.002"/>
  <testcase name="testParamerizeSQLComplexExpressionFlipBinary" classname="mil.darpa.immortals.core.das.knowledgebuilders.schemadependency.SQLTransformerTest" time="0.002"/>
  <testcase name="testGenerateParamCombinations" classname="mil.darpa.immortals.core.das.knowledgebuilders.schemadependency.SQLTransformerTest" time="0.012"/>
  <testcase name="testResolveParameters" classname="mil.darpa.immortals.core.das.knowledgebuilders.schemadependency.SQLTransformerTest" time="0.004"/>
  <system-out><![CDATA[]]></system-out>
  <system-err><![CDATA[]]></system-err>
</testsuite>
