<?xml version="1.0" encoding="UTF-8"?>
<testsuite name="mil.darpa.immortals.core.das.knowledgebuilders.schemadependency.SQLMetadataTest" tests="5" skipped="0" failures="0" errors="0" timestamp="2018-06-01T18:06:56" hostname="dhcp89-77-152.bbn.com" time="0.085">
  <properties/>
  <testcase name="testSimpleStringLiteral" classname="mil.darpa.immortals.core.das.knowledgebuilders.schemadependency.SQLMetadataTest" time="0.063"/>
  <testcase name="testSimpleLongLiteral" classname="mil.darpa.immortals.core.das.knowledgebuilders.schemadependency.SQLMetadataTest" time="0.003"/>
  <testcase name="testMultipleLiterals" classname="mil.darpa.immortals.core.das.knowledgebuilders.schemadependency.SQLMetadataTest" time="0.005"/>
  <testcase name="testIgnoreLiteralsInProjection" classname="mil.darpa.immortals.core.das.knowledgebuilders.schemadependency.SQLMetadataTest" time="0.004"/>
  <testcase name="testMultipleLiteralsInComplexExpression" classname="mil.darpa.immortals.core.das.knowledgebuilders.schemadependency.SQLMetadataTest" time="0.008"/>
  <system-out><![CDATA[]]></system-out>
  <system-err><![CDATA[]]></system-err>
</testsuite>
